# Logfile created on 2014-04-21 22:04:58 +1000 by logger.rb/41954
I, [2014-04-21T22:04:58.887178 #22379]  INFO -- : 0:  rake (10.3.1) from /Users/theodore/.rvm/gems/ruby-2.0.0-p353/specifications/rake-10.3.1.gemspec
I, [2014-04-21T22:04:58.888832 #22379]  INFO -- : 0:  Ascii85 (1.0.2) from /Users/theodore/.rvm/gems/ruby-2.0.0-p353/specifications/Ascii85-1.0.2.gemspec
I, [2014-04-21T22:05:00.611424 #22379]  INFO -- : 0:  ZenTest (4.4.2) from /Users/theodore/.rvm/gems/ruby-2.0.0-p353/specifications/ZenTest-4.4.2.gemspec
I, [2014-04-21T22:05:00.611793 #22379]  INFO -- : 0:  afm (0.2.0) from /Users/theodore/.rvm/gems/ruby-2.0.0-p353/specifications/afm-0.2.0.gemspec
I, [2014-04-21T22:05:02.044229 #22379]  INFO -- : 0:  parallel (1.0.0) from /Users/theodore/.rvm/gems/ruby-2.0.0-p353/specifications/parallel-1.0.0.gemspec
I, [2014-04-21T22:05:04.281390 #22379]  INFO -- : 0:  cane (2.2.3) from /Users/theodore/.rvm/gems/ruby-2.0.0-p353/specifications/cane-2.2.3.gemspec
I, [2014-04-21T22:05:05.694578 #22379]  INFO -- : 0:  diff-lcs (1.2.5) from /Users/theodore/.rvm/gems/ruby-2.0.0-p353/specifications/diff-lcs-1.2.5.gemspec
I, [2014-04-21T22:05:05.695122 #22379]  INFO -- : 0:  hashery (2.1.1) from /Users/theodore/.rvm/gems/ruby-2.0.0-p353/specifications/hashery-2.1.1.gemspec
I, [2014-04-21T22:05:06.925508 #22379]  INFO -- : 0:  ir_b (1.5.0) from /Users/theodore/.rvm/gems/ruby-2.0.0-p353/specifications/ir_b-1.5.0.gemspec
I, [2014-04-21T22:05:06.925879 #22379]  INFO -- : 0:  json (1.8.1) from /Users/theodore/.rvm/gems/ruby-2.0.0-p353@global/specifications/json-1.8.1.gemspec
I, [2014-04-21T22:05:08.589082 #22379]  INFO -- : 0:  morecane (0.1.0) from /Users/theodore/.rvm/gems/ruby-2.0.0-p353/specifications/morecane-0.1.0.gemspec
I, [2014-04-21T22:05:08.589574 #22379]  INFO -- : 0:  ruby-rc4 (0.1.5) from /Users/theodore/.rvm/gems/ruby-2.0.0-p353/specifications/ruby-rc4-0.1.5.gemspec
I, [2014-04-21T22:05:08.589895 #22379]  INFO -- : 0:  ttfunk (1.1.1) from /Users/theodore/.rvm/gems/ruby-2.0.0-p353/specifications/ttfunk-1.1.1.gemspec
I, [2014-04-21T22:05:08.894551 #22379]  INFO -- : 0:  pdf-reader (1.3.3) from /Users/theodore/Dropbox/working/clients/pwc/projects/tax/trunk/tax/gems/pdf-reader/pdf-reader.gemspec
I, [2014-04-21T22:05:10.790733 #22379]  INFO -- : 0:  rdoc (4.1.1) from /Users/theodore/.rvm/gems/ruby-2.0.0-p353/specifications/rdoc-4.1.1.gemspec
I, [2014-04-21T22:05:12.144805 #22379]  INFO -- : 0:  rspec-core (2.14.8) from /Users/theodore/.rvm/gems/ruby-2.0.0-p353/specifications/rspec-core-2.14.8.gemspec
I, [2014-04-21T22:05:13.364061 #22379]  INFO -- : 0:  rspec-expectations (2.14.5) from /Users/theodore/.rvm/gems/ruby-2.0.0-p353/specifications/rspec-expectations-2.14.5.gemspec
I, [2014-04-21T22:05:14.613695 #22379]  INFO -- : 0:  rspec-mocks (2.14.6) from /Users/theodore/.rvm/gems/ruby-2.0.0-p353/specifications/rspec-mocks-2.14.6.gemspec
I, [2014-04-21T22:05:15.686884 #22379]  INFO -- : 0:  rspec (2.14.1) from /Users/theodore/.rvm/gems/ruby-2.0.0-p353/specifications/rspec-2.14.1.gemspec
I, [2014-04-21T22:05:15.687278 #22379]  INFO -- : 0:  bundler (1.5.1) from /Users/theodore/.rvm/gems/ruby-2.0.0-p353/specifications/bundler-1.5.1.gemspec
I, [2014-04-27T20:42:13.527242 #3050]  INFO -- : 0:  rake (10.3.1) from /Users/theodore/.rvm/gems/ruby-2.0.0-p353/specifications/rake-10.3.1.gemspec
I, [2014-04-27T20:42:13.532941 #3050]  INFO -- : 0:  Ascii85 (1.0.2) from /Users/theodore/.rvm/gems/ruby-2.0.0-p353/specifications/Ascii85-1.0.2.gemspec
I, [2014-04-27T20:42:13.533301 #3050]  INFO -- : 0:  ZenTest (4.4.2) from /Users/theodore/.rvm/gems/ruby-2.0.0-p353/specifications/ZenTest-4.4.2.gemspec
I, [2014-04-27T20:42:13.533596 #3050]  INFO -- : 0:  afm (0.2.0) from /Users/theodore/.rvm/gems/ruby-2.0.0-p353/specifications/afm-0.2.0.gemspec
I, [2014-04-27T20:42:13.533884 #3050]  INFO -- : 0:  parallel (1.0.0) from /Users/theodore/.rvm/gems/ruby-2.0.0-p353/specifications/parallel-1.0.0.gemspec
I, [2014-04-27T20:42:13.534163 #3050]  INFO -- : 0:  cane (2.2.3) from /Users/theodore/.rvm/gems/ruby-2.0.0-p353/specifications/cane-2.2.3.gemspec
I, [2014-04-27T20:42:13.534460 #3050]  INFO -- : 0:  columnize (0.3.6) from /Users/theodore/.rvm/gems/ruby-2.0.0-p353@global/specifications/columnize-0.3.6.gemspec
I, [2014-04-27T20:42:13.534770 #3050]  INFO -- : 0:  debugger-linecache (1.2.0) from /Users/theodore/.rvm/gems/ruby-2.0.0-p353@global/specifications/debugger-linecache-1.2.0.gemspec
I, [2014-04-27T20:42:13.535036 #3050]  INFO -- : 0:  debugger-ruby_core_source (1.3.2) from /Users/theodore/.rvm/gems/ruby-2.0.0-p353/specifications/debugger-ruby_core_source-1.3.2.gemspec
I, [2014-04-27T20:42:13.535284 #3050]  INFO -- : 0:  debugger (1.6.6) from /Users/theodore/.rvm/gems/ruby-2.0.0-p353/specifications/debugger-1.6.6.gemspec
I, [2014-04-27T20:42:13.535564 #3050]  INFO -- : 0:  diff-lcs (1.2.5) from /Users/theodore/.rvm/gems/ruby-2.0.0-p353/specifications/diff-lcs-1.2.5.gemspec
I, [2014-04-27T20:42:13.535799 #3050]  INFO -- : 0:  hashery (2.1.1) from /Users/theodore/.rvm/gems/ruby-2.0.0-p353/specifications/hashery-2.1.1.gemspec
I, [2014-04-27T20:42:13.536035 #3050]  INFO -- : 0:  ir_b (1.5.0) from /Users/theodore/.rvm/gems/ruby-2.0.0-p353/specifications/ir_b-1.5.0.gemspec
I, [2014-04-27T20:42:13.536279 #3050]  INFO -- : 0:  json (1.8.1) from /Users/theodore/.rvm/gems/ruby-2.0.0-p353@global/specifications/json-1.8.1.gemspec
I, [2014-04-27T20:42:13.536515 #3050]  INFO -- : 0:  morecane (0.1.0) from /Users/theodore/.rvm/gems/ruby-2.0.0-p353/specifications/morecane-0.1.0.gemspec
I, [2014-04-27T20:42:13.536749 #3050]  INFO -- : 0:  ruby-rc4 (0.1.5) from /Users/theodore/.rvm/gems/ruby-2.0.0-p353/specifications/ruby-rc4-0.1.5.gemspec
I, [2014-04-27T20:42:13.536986 #3050]  INFO -- : 0:  ttfunk (1.1.1) from /Users/theodore/.rvm/gems/ruby-2.0.0-p353/specifications/ttfunk-1.1.1.gemspec
I, [2014-04-27T20:42:13.826751 #3050]  INFO -- : 0:  pdf-reader (1.3.3) from /Users/theodore/Dropbox/working/clients/pwc/projects/tax/trunk/tax/gems/pdf-reader/pdf-reader.gemspec
I, [2014-04-27T20:42:13.827389 #3050]  INFO -- : 0:  rdoc (4.1.1) from /Users/theodore/.rvm/gems/ruby-2.0.0-p353/specifications/rdoc-4.1.1.gemspec
I, [2014-04-27T20:42:13.827823 #3050]  INFO -- : 0:  rspec-core (2.14.8) from /Users/theodore/.rvm/gems/ruby-2.0.0-p353/specifications/rspec-core-2.14.8.gemspec
I, [2014-04-27T20:42:13.828232 #3050]  INFO -- : 0:  rspec-expectations (2.14.5) from /Users/theodore/.rvm/gems/ruby-2.0.0-p353/specifications/rspec-expectations-2.14.5.gemspec
I, [2014-04-27T20:42:13.828695 #3050]  INFO -- : 0:  rspec-mocks (2.14.6) from /Users/theodore/.rvm/gems/ruby-2.0.0-p353/specifications/rspec-mocks-2.14.6.gemspec
I, [2014-04-27T20:42:13.829137 #3050]  INFO -- : 0:  rspec (2.14.1) from /Users/theodore/.rvm/gems/ruby-2.0.0-p353/specifications/rspec-2.14.1.gemspec
I, [2014-04-27T20:42:13.829538 #3050]  INFO -- : 0:  bundler (1.5.1) from /Users/theodore/.rvm/gems/ruby-2.0.0-p353/specifications/bundler-1.5.1.gemspec
I, [2014-04-27T20:58:44.135251 #3534]  INFO -- : 0:  rake (10.3.1) from /Users/theodore/.rvm/gems/ruby-2.0.0-p353/specifications/rake-10.3.1.gemspec
I, [2014-04-27T20:58:44.135655 #3534]  INFO -- : 0:  Ascii85 (1.0.2) from /Users/theodore/.rvm/gems/ruby-2.0.0-p353/specifications/Ascii85-1.0.2.gemspec
I, [2014-04-27T20:58:44.135983 #3534]  INFO -- : 0:  ZenTest (4.4.2) from /Users/theodore/.rvm/gems/ruby-2.0.0-p353/specifications/ZenTest-4.4.2.gemspec
I, [2014-04-27T20:58:44.136294 #3534]  INFO -- : 0:  afm (0.2.0) from /Users/theodore/.rvm/gems/ruby-2.0.0-p353/specifications/afm-0.2.0.gemspec
I, [2014-04-27T20:58:44.136603 #3534]  INFO -- : 0:  parallel (1.0.0) from /Users/theodore/.rvm/gems/ruby-2.0.0-p353/specifications/parallel-1.0.0.gemspec
I, [2014-04-27T20:58:44.136902 #3534]  INFO -- : 0:  cane (2.2.3) from /Users/theodore/.rvm/gems/ruby-2.0.0-p353/specifications/cane-2.2.3.gemspec
I, [2014-04-27T20:58:44.137213 #3534]  INFO -- : 0:  coderay (1.1.0) from /Users/theodore/.rvm/gems/ruby-2.0.0-p353@global/specifications/coderay-1.1.0.gemspec
I, [2014-04-27T20:58:44.137516 #3534]  INFO -- : 0:  diff-lcs (1.2.5) from /Users/theodore/.rvm/gems/ruby-2.0.0-p353/specifications/diff-lcs-1.2.5.gemspec
I, [2014-04-27T20:58:44.137828 #3534]  INFO -- : 0:  hashery (2.1.1) from /Users/theodore/.rvm/gems/ruby-2.0.0-p353/specifications/hashery-2.1.1.gemspec
I, [2014-04-27T20:58:44.138127 #3534]  INFO -- : 0:  ir_b (1.5.0) from /Users/theodore/.rvm/gems/ruby-2.0.0-p353/specifications/ir_b-1.5.0.gemspec
I, [2014-04-27T20:58:44.138425 #3534]  INFO -- : 0:  json (1.8.1) from /Users/theodore/.rvm/gems/ruby-2.0.0-p353@global/specifications/json-1.8.1.gemspec
I, [2014-04-27T20:58:44.138782 #3534]  INFO -- : 0:  method_source (0.8.2) from /Users/theodore/.rvm/gems/ruby-2.0.0-p353@global/specifications/method_source-0.8.2.gemspec
I, [2014-04-27T20:58:44.139132 #3534]  INFO -- : 0:  morecane (0.1.0) from /Users/theodore/.rvm/gems/ruby-2.0.0-p353/specifications/morecane-0.1.0.gemspec
I, [2014-04-27T20:58:44.139446 #3534]  INFO -- : 0:  ruby-rc4 (0.1.5) from /Users/theodore/.rvm/gems/ruby-2.0.0-p353/specifications/ruby-rc4-0.1.5.gemspec
I, [2014-04-27T20:58:44.139752 #3534]  INFO -- : 0:  ttfunk (1.1.1) from /Users/theodore/.rvm/gems/ruby-2.0.0-p353/specifications/ttfunk-1.1.1.gemspec
I, [2014-04-27T20:58:44.388050 #3534]  INFO -- : 0:  pdf-reader (1.3.3) from /Users/theodore/Dropbox/working/clients/pwc/projects/tax/trunk/tax/gems/pdf-reader/pdf-reader.gemspec
I, [2014-04-27T20:58:44.388747 #3534]  INFO -- : 0:  slop (3.5.0) from /Users/theodore/.rvm/gems/ruby-2.0.0-p353/specifications/slop-3.5.0.gemspec
I, [2014-04-27T20:58:44.389159 #3534]  INFO -- : 0:  pry (0.9.12.6) from /Users/theodore/.rvm/gems/ruby-2.0.0-p353/specifications/pry-0.9.12.6.gemspec
I, [2014-04-27T20:58:44.389466 #3534]  INFO -- : 0:  rdoc (4.1.1) from /Users/theodore/.rvm/gems/ruby-2.0.0-p353/specifications/rdoc-4.1.1.gemspec
I, [2014-04-27T20:58:44.389763 #3534]  INFO -- : 0:  rspec-core (2.14.8) from /Users/theodore/.rvm/gems/ruby-2.0.0-p353/specifications/rspec-core-2.14.8.gemspec
I, [2014-04-27T20:58:44.390052 #3534]  INFO -- : 0:  rspec-expectations (2.14.5) from /Users/theodore/.rvm/gems/ruby-2.0.0-p353/specifications/rspec-expectations-2.14.5.gemspec
I, [2014-04-27T20:58:44.390339 #3534]  INFO -- : 0:  rspec-mocks (2.14.6) from /Users/theodore/.rvm/gems/ruby-2.0.0-p353/specifications/rspec-mocks-2.14.6.gemspec
I, [2014-04-27T20:58:44.390621 #3534]  INFO -- : 0:  rspec (2.14.1) from /Users/theodore/.rvm/gems/ruby-2.0.0-p353/specifications/rspec-2.14.1.gemspec
I, [2014-04-27T20:58:44.390885 #3534]  INFO -- : 0:  bundler (1.5.1) from /Users/theodore/.rvm/gems/ruby-2.0.0-p353/specifications/bundler-1.5.1.gemspec
I, [2014-04-27T21:04:40.317732 #3737]  INFO -- : 0:  rake (10.3.1) from /Users/theodore/.rvm/gems/ruby-2.0.0-p353/specifications/rake-10.3.1.gemspec
I, [2014-04-27T21:04:40.318153 #3737]  INFO -- : 0:  Ascii85 (1.0.2) from /Users/theodore/.rvm/gems/ruby-2.0.0-p353/specifications/Ascii85-1.0.2.gemspec
I, [2014-04-27T21:04:40.318416 #3737]  INFO -- : 0:  ZenTest (4.4.2) from /Users/theodore/.rvm/gems/ruby-2.0.0-p353/specifications/ZenTest-4.4.2.gemspec
I, [2014-04-27T21:04:40.318678 #3737]  INFO -- : 0:  afm (0.2.0) from /Users/theodore/.rvm/gems/ruby-2.0.0-p353/specifications/afm-0.2.0.gemspec
I, [2014-04-27T21:04:40.318942 #3737]  INFO -- : 0:  archive-tar-minitar (0.5.2) from /Users/theodore/.rvm/gems/ruby-2.0.0-p353@global/specifications/archive-tar-minitar-0.5.2.gemspec
I, [2014-04-27T21:04:40.319184 #3737]  INFO -- : 0:  parallel (1.0.0) from /Users/theodore/.rvm/gems/ruby-2.0.0-p353/specifications/parallel-1.0.0.gemspec
I, [2014-04-27T21:04:40.319428 #3737]  INFO -- : 0:  cane (2.2.3) from /Users/theodore/.rvm/gems/ruby-2.0.0-p353/specifications/cane-2.2.3.gemspec
I, [2014-04-27T21:04:43.177498 #3737]  INFO -- : 0:  columnize (0.8.9) from /Users/theodore/.rvm/gems/ruby-2.0.0-p353/specifications/columnize-0.8.9.gemspec
I, [2014-04-27T21:04:43.177997 #3737]  INFO -- : 0:  diff-lcs (1.2.5) from /Users/theodore/.rvm/gems/ruby-2.0.0-p353/specifications/diff-lcs-1.2.5.gemspec
I, [2014-04-27T21:04:43.178306 #3737]  INFO -- : 0:  hashery (2.1.1) from /Users/theodore/.rvm/gems/ruby-2.0.0-p353/specifications/hashery-2.1.1.gemspec
I, [2014-04-27T21:04:43.178594 #3737]  INFO -- : 0:  ir_b (1.5.0) from /Users/theodore/.rvm/gems/ruby-2.0.0-p353/specifications/ir_b-1.5.0.gemspec
I, [2014-04-27T21:04:43.179075 #3737]  INFO -- : 0:  json (1.8.1) from /Users/theodore/.rvm/gems/ruby-2.0.0-p353@global/specifications/json-1.8.1.gemspec
I, [2014-04-27T21:04:43.179371 #3737]  INFO -- : 0:  ruby_core_source (0.1.5) from /Users/theodore/.rvm/gems/ruby-2.0.0-p353@global/specifications/ruby_core_source-0.1.5.gemspec
E, [2014-04-27T21:04:43.196403 #3737] ERROR -- : Errno::EACCES: Permission denied - /Users/theodore/.rvm/gems/ruby-2.0.0-p353/gems/linecache19-0.5.12/AUTHORS
/Users/theodore/.rvm/rubies/ruby-2.0.0-p353/lib/ruby/2.0.0/open-uri.rb:36:in `initialize'  \n/Users/theodore/.rvm/rubies/ruby-2.0.0-p353/lib/ruby/2.0.0/open-uri.rb:36:in `open'  \n/Users/theodore/.rvm/rubies/ruby-2.0.0-p353/lib/ruby/2.0.0/open-uri.rb:36:in `open'  \n/Users/theodore/.rvm/rubies/ruby-2.0.0-p353/lib/ruby/site_ruby/2.0.0/rubygems/package.rb:350:in `block (2 levels) in extract_tar_gz'  \n/Users/theodore/.rvm/rubies/ruby-2.0.0-p353/lib/ruby/site_ruby/2.0.0/rubygems/package/tar_reader.rb:64:in `each'  \n/Users/theodore/.rvm/rubies/ruby-2.0.0-p353/lib/ruby/site_ruby/2.0.0/rubygems/package.rb:341:in `block in extract_tar_gz'  \n/Users/theodore/.rvm/rubies/ruby-2.0.0-p353/lib/ruby/site_ruby/2.0.0/rubygems/package.rb:423:in `block in open_tar_gz'  \n/Users/theodore/.rvm/rubies/ruby-2.0.0-p353/lib/ruby/site_ruby/2.0.0/rubygems/package.rb:420:in `wrap'  \n/Users/theodore/.rvm/rubies/ruby-2.0.0-p353/lib/ruby/site_ruby/2.0.0/rubygems/package.rb:420:in `open_tar_gz'  \n/Users/theodore/.rvm/rubies/ruby-2.0.0-p353/lib/ruby/site_ruby/2.0.0/rubygems/package.rb:340:in `extract_tar_gz'  \n/Users/theodore/.rvm/rubies/ruby-2.0.0-p353/lib/ruby/site_ruby/2.0.0/rubygems/package.rb:321:in `block (2 levels) in extract_files'  \n/Users/theodore/.rvm/rubies/ruby-2.0.0-p353/lib/ruby/site_ruby/2.0.0/rubygems/package/tar_reader.rb:64:in `each'  \n/Users/theodore/.rvm/rubies/ruby-2.0.0-p353/lib/ruby/site_ruby/2.0.0/rubygems/package.rb:318:in `block in extract_files'  \n/Users/theodore/.rvm/rubies/ruby-2.0.0-p353/lib/ruby/2.0.0/open-uri.rb:36:in `open'  \n/Users/theodore/.rvm/rubies/ruby-2.0.0-p353/lib/ruby/2.0.0/open-uri.rb:36:in `open'  \n/Users/theodore/.rvm/rubies/ruby-2.0.0-p353/lib/ruby/site_ruby/2.0.0/rubygems/package.rb:315:in `extract_files'  \n/Users/theodore/.rvm/rubies/ruby-2.0.0-p353/lib/ruby/site_ruby/2.0.0/rubygems/installer.rb:687:in `extract_files'  \n/Users/theodore/.rvm/rubies/ruby-2.0.0-p353/lib/ruby/site_ruby/2.0.0/rubygems/installer.rb:223:in `install'  \n/Users/theodore/.rvm/gems/ruby-2.0.0-p353/gems/bundler-1.5.1/lib/bundler/source/rubygems.rb:101:in `block in install'  \n/Users/theodore/.rvm/gems/ruby-2.0.0-p353/gems/bundler-1.5.1/lib/bundler/rubygems_integration.rb:118:in `preserve_paths'  \n/Users/theodore/.rvm/gems/ruby-2.0.0-p353/gems/bundler-1.5.1/lib/bundler/source/rubygems.rb:94:in `install'  \n/Users/theodore/.rvm/gems/ruby-2.0.0-p353/gems/bundler-1.5.1/lib/bundler/installer.rb:111:in `block in install_gem_from_spec'  \n/Users/theodore/.rvm/gems/ruby-2.0.0-p353/gems/bundler-1.5.1/lib/bundler/rubygems_integration.rb:150:in `with_build_args'  \n/Users/theodore/.rvm/gems/ruby-2.0.0-p353/gems/bundler-1.5.1/lib/bundler/installer.rb:110:in `install_gem_from_spec'  \n/Users/theodore/.rvm/gems/ruby-2.0.0-p353/gems/bundler-1.5.1/lib/bundler/installer.rb:295:in `block in install_sequentially'  \n/Users/theodore/.rvm/rubies/ruby-2.0.0-p353/lib/ruby/2.0.0/forwardable.rb:171:in `each'  \n/Users/theodore/.rvm/rubies/ruby-2.0.0-p353/lib/ruby/2.0.0/forwardable.rb:171:in `each'  \n/Users/theodore/.rvm/gems/ruby-2.0.0-p353/gems/bundler-1.5.1/lib/bundler/installer.rb:294:in `install_sequentially'  \n/Users/theodore/.rvm/gems/ruby-2.0.0-p353/gems/bundler-1.5.1/lib/bundler/installer.rb:97:in `run'  \n/Users/theodore/.rvm/gems/ruby-2.0.0-p353/gems/bundler-1.5.1/lib/bundler/installer.rb:15:in `install'  \n/Users/theodore/.rvm/gems/ruby-2.0.0-p353/gems/bundler-1.5.1/lib/bundler/cli.rb:257:in `install'  \n/Users/theodore/.rvm/gems/ruby-2.0.0-p353/gems/bundler-1.5.1/lib/bundler/vendor/thor/command.rb:27:in `run'  \n/Users/theodore/.rvm/gems/ruby-2.0.0-p353/gems/bundler-1.5.1/lib/bundler/vendor/thor/invocation.rb:120:in `invoke_command'  \n/Users/theodore/.rvm/gems/ruby-2.0.0-p353/gems/bundler-1.5.1/lib/bundler/vendor/thor.rb:363:in `dispatch'  \n/Users/theodore/.rvm/gems/ruby-2.0.0-p353/gems/bundler-1.5.1/lib/bundler/vendor/thor/base.rb:438:in `start'  \n/Users/theodore/.rvm/gems/ruby-2.0.0-p353/gems/bundler-1.5.1/lib/bundler/cli.rb:10:in `start'  \n/Users/theodore/.rvm/gems/ruby-2.0.0-p353/gems/bundler-1.5.1/bin/bundle:22:in `block in <top (required)>'  \n/Users/theodore/.rvm/gems/ruby-2.0.0-p353/gems/bundler-1.5.1/lib/bundler/friendly_errors.rb:5:in `with_friendly_errors'  \n/Users/theodore/.rvm/gems/ruby-2.0.0-p353/gems/bundler-1.5.1/bin/bundle:22:in `<top (required)>'  \n/Users/theodore/.rvm/gems/ruby-2.0.0-p353/bin/bundle:23:in `load'  \n/Users/theodore/.rvm/gems/ruby-2.0.0-p353/bin/bundle:23:in `<main>'  \n/Users/theodore/.rvm/gems/ruby-2.0.0-p353/bin/ruby_executable_hooks:15:in `eval'  \n/Users/theodore/.rvm/gems/ruby-2.0.0-p353/bin/ruby_executable_hooks:15:in `<main>'
